<?xml version="1.0" encoding="UTF-8"?>
<testng-results ignored="0" total="3" passed="3" failed="0" skipped="0">
  <reporter-output>
  </reporter-output>
  <suite started-at="2022-08-24T21:35:41 IST" name="Suite" finished-at="2022-08-24T21:36:59 IST" duration-ms="78148">
    <groups>
    </groups>
    <test started-at="2022-08-24T21:35:41 IST" name="Test" finished-at="2022-08-24T21:36:59 IST" duration-ms="78148">
      <class name="test.LeaveTest">
        <test-method is-config="true" signature="launchBrowser()[pri:0, instance:test.LeaveTest@729d991e]" started-at="2022-08-24T21:36:24 IST" name="launchBrowser" finished-at="2022-08-24T21:36:45 IST" duration-ms="21063" status="PASS">
          <reporter-output>
          </reporter-output>
        </test-method> <!-- launchBrowser -->
        <test-method is-config="true" signature="pageObjects()[pri:0, instance:test.LeaveTest@729d991e]" started-at="2022-08-24T21:36:45 IST" name="pageObjects" finished-at="2022-08-24T21:36:45 IST" duration-ms="3" status="PASS">
          <reporter-output>
          </reporter-output>
        </test-method> <!-- pageObjects -->
        <test-method is-config="true" signature="login()[pri:0, instance:test.LeaveTest@729d991e]" started-at="2022-08-24T21:36:45 IST" name="login" finished-at="2022-08-24T21:36:47 IST" duration-ms="2380" status="PASS">
          <reporter-output>
          </reporter-output>
        </test-method> <!-- login -->
        <test-method signature="verifyleavepage()[pri:0, instance:test.LeaveTest@729d991e]" started-at="2022-08-24T21:36:47 IST" name="verifyleavepage" finished-at="2022-08-24T21:36:59 IST" duration-ms="11957" status="PASS">
          <reporter-output>
          </reporter-output>
        </test-method> <!-- verifyleavepage -->
      </class> <!-- test.LeaveTest -->
      <class name="test.LoginTest">
        <test-method is-config="true" signature="launchBrowser()[pri:0, instance:test.LoginTest@194bcebf]" started-at="2022-08-24T21:35:41 IST" name="launchBrowser" finished-at="2022-08-24T21:36:03 IST" duration-ms="21890" status="PASS">
          <reporter-output>
          </reporter-output>
        </test-method> <!-- launchBrowser -->
        <test-method is-config="true" signature="pageObjects()[pri:0, instance:test.LoginTest@194bcebf]" started-at="2022-08-24T21:36:03 IST" name="pageObjects" finished-at="2022-08-24T21:36:03 IST" duration-ms="141" status="PASS">
          <reporter-output>
          </reporter-output>
        </test-method> <!-- pageObjects -->
        <test-method signature="verifylogin()[pri:0, instance:test.LoginTest@194bcebf]" started-at="2022-08-24T21:36:03 IST" name="verifylogin" finished-at="2022-08-24T21:36:09 IST" duration-ms="6039" status="PASS">
          <reporter-output>
          </reporter-output>
        </test-method> <!-- verifylogin -->
      </class> <!-- test.LoginTest -->
      <class name="test.PimTest">
        <test-method is-config="true" signature="launchBrowser()[pri:0, instance:test.PimTest@1de5f259]" started-at="2022-08-24T21:36:09 IST" name="launchBrowser" finished-at="2022-08-24T21:36:17 IST" duration-ms="7315" status="PASS">
          <reporter-output>
          </reporter-output>
        </test-method> <!-- launchBrowser -->
        <test-method is-config="true" signature="pageObjects()[pri:0, instance:test.PimTest@1de5f259]" started-at="2022-08-24T21:36:17 IST" name="pageObjects" finished-at="2022-08-24T21:36:17 IST" duration-ms="1" status="PASS">
          <reporter-output>
          </reporter-output>
        </test-method> <!-- pageObjects -->
        <test-method is-config="true" signature="login()[pri:0, instance:test.PimTest@1de5f259]" started-at="2022-08-24T21:36:17 IST" name="login" finished-at="2022-08-24T21:36:19 IST" duration-ms="2190" status="PASS">
          <reporter-output>
          </reporter-output>
        </test-method> <!-- login -->
        <test-method signature="verifyPimPage()[pri:0, instance:test.PimTest@1de5f259]" started-at="2022-08-24T21:36:19 IST" name="verifyPimPage" finished-at="2022-08-24T21:36:24 IST" duration-ms="5018" status="PASS">
          <reporter-output>
          </reporter-output>
        </test-method> <!-- verifyPimPage -->
      </class> <!-- test.PimTest -->
    </test> <!-- Test -->
  </suite> <!-- Suite -->
</testng-results>
