<?xml version="1.0" encoding="UTF-8"?>
<testng-results ignored="0" total="3" passed="3" failed="0" skipped="0">
  <reporter-output>
  </reporter-output>
  <suite started-at="2022-08-27T00:45:50 IST" name="Suite" finished-at="2022-08-27T00:46:44 IST" duration-ms="54407">
    <groups>
    </groups>
    <test started-at="2022-08-27T00:45:50 IST" name="Test" finished-at="2022-08-27T00:46:44 IST" duration-ms="54407">
      <class name="test.LeaveTest">
        <test-method is-config="true" signature="launchBrowser()[pri:0, instance:test.LeaveTest@31fa1761]" started-at="2022-08-27T00:46:28 IST" name="launchBrowser" finished-at="2022-08-27T00:46:35 IST" duration-ms="6696" status="PASS">
          <reporter-output>
          </reporter-output>
        </test-method> <!-- launchBrowser -->
        <test-method is-config="true" signature="pageObjects()[pri:0, instance:test.LeaveTest@31fa1761]" started-at="2022-08-27T00:46:35 IST" name="pageObjects" finished-at="2022-08-27T00:46:35 IST" duration-ms="3" status="PASS">
          <reporter-output>
          </reporter-output>
        </test-method> <!-- pageObjects -->
        <test-method is-config="true" signature="login()[pri:0, instance:test.LeaveTest@31fa1761]" started-at="2022-08-27T00:46:35 IST" name="login" finished-at="2022-08-27T00:46:37 IST" duration-ms="1969" status="PASS">
          <reporter-output>
          </reporter-output>
        </test-method> <!-- login -->
        <test-method signature="verifyleavepage()[pri:0, instance:test.LeaveTest@31fa1761]" started-at="2022-08-27T00:46:37 IST" name="verifyleavepage" finished-at="2022-08-27T00:46:43 IST" duration-ms="6738" status="PASS">
          <reporter-output>
          </reporter-output>
        </test-method> <!-- verifyleavepage -->
        <test-method is-config="true" signature="tearDownEnviornment()[pri:0, instance:test.LeaveTest@31fa1761]" started-at="2022-08-27T00:46:43 IST" name="tearDownEnviornment" finished-at="2022-08-27T00:46:44 IST" duration-ms="990" status="PASS">
          <reporter-output>
          </reporter-output>
        </test-method> <!-- tearDownEnviornment -->
      </class> <!-- test.LeaveTest -->
      <class name="test.LoginTest">
        <test-method is-config="true" signature="launchBrowser()[pri:0, instance:test.LoginTest@17497425]" started-at="2022-08-27T00:45:50 IST" name="launchBrowser" finished-at="2022-08-27T00:46:06 IST" duration-ms="15606" status="PASS">
          <reporter-output>
          </reporter-output>
        </test-method> <!-- launchBrowser -->
        <test-method is-config="true" signature="pageObjects()[pri:0, instance:test.LoginTest@17497425]" started-at="2022-08-27T00:46:06 IST" name="pageObjects" finished-at="2022-08-27T00:46:06 IST" duration-ms="150" status="PASS">
          <reporter-output>
          </reporter-output>
        </test-method> <!-- pageObjects -->
        <test-method signature="verifylogin()[pri:0, instance:test.LoginTest@17497425]" started-at="2022-08-27T00:46:06 IST" name="verifylogin" finished-at="2022-08-27T00:46:13 IST" duration-ms="7156" status="PASS">
          <reporter-output>
          </reporter-output>
        </test-method> <!-- verifylogin -->
        <test-method is-config="true" signature="tearDownEnviornment()[pri:0, instance:test.LoginTest@17497425]" started-at="2022-08-27T00:46:13 IST" name="tearDownEnviornment" finished-at="2022-08-27T00:46:14 IST" duration-ms="1018" status="PASS">
          <reporter-output>
          </reporter-output>
        </test-method> <!-- tearDownEnviornment -->
      </class> <!-- test.LoginTest -->
      <class name="test.PimTest">
        <test-method is-config="true" signature="launchBrowser()[pri:0, instance:test.PimTest@729d991e]" started-at="2022-08-27T00:46:14 IST" name="launchBrowser" finished-at="2022-08-27T00:46:21 IST" duration-ms="6715" status="PASS">
          <reporter-output>
          </reporter-output>
        </test-method> <!-- launchBrowser -->
        <test-method is-config="true" signature="pageObjects()[pri:0, instance:test.PimTest@729d991e]" started-at="2022-08-27T00:46:21 IST" name="pageObjects" finished-at="2022-08-27T00:46:21 IST" duration-ms="2" status="PASS">
          <reporter-output>
          </reporter-output>
        </test-method> <!-- pageObjects -->
        <test-method is-config="true" signature="login()[pri:0, instance:test.PimTest@729d991e]" started-at="2022-08-27T00:46:21 IST" name="login" finished-at="2022-08-27T00:46:23 IST" duration-ms="2014" status="PASS">
          <reporter-output>
          </reporter-output>
        </test-method> <!-- login -->
        <test-method signature="verifyPimPage()[pri:0, instance:test.PimTest@729d991e]" started-at="2022-08-27T00:46:23 IST" name="verifyPimPage" finished-at="2022-08-27T00:46:27 IST" duration-ms="4221" status="PASS">
          <reporter-output>
          </reporter-output>
        </test-method> <!-- verifyPimPage -->
        <test-method is-config="true" signature="tearDownEnviornment()[pri:0, instance:test.PimTest@729d991e]" started-at="2022-08-27T00:46:27 IST" name="tearDownEnviornment" finished-at="2022-08-27T00:46:28 IST" duration-ms="964" status="PASS">
          <reporter-output>
          </reporter-output>
        </test-method> <!-- tearDownEnviornment -->
      </class> <!-- test.PimTest -->
    </test> <!-- Test -->
  </suite> <!-- Suite -->
</testng-results>
