<?xml version="1.0" encoding="UTF-8"?>
<!-- Generated by org.testng.reporters.JUnitXMLReporter -->
<testsuite ignored="0" hostname="DESKTOP-PGP0HSS" failures="2" tests="2" name="Test" time="0.244" errors="0" timestamp="2022-08-27T18:49:39 IST">
  <testcase classname="test.LoginTest" name="verifylogin" time="0.036">
    <failure type="java.lang.NullPointerException" message="Cannot invoke &amp;quot;main.LoginPage.LoginMethod()&amp;quot; because &amp;quot;this.loginpage&amp;quot; is null">
      <![CDATA[java.lang.NullPointerException: Cannot invoke "main.LoginPage.LoginMethod()" because "this.loginpage" is null
at test.LoginTest.verifylogin(LoginTest.java:16)
at java.base/java.util.ArrayList.forEach(ArrayList.java:1511)
... Removed 27 stack frames]]>
    </failure>
  </testcase> <!-- verifylogin -->
  <testcase classname="test.PimTest" name="verifyPimPage" time="0.024">
    <failure type="java.lang.NullPointerException" message="Cannot invoke &amp;quot;main.PimPage.titlePimpage()&amp;quot; because &amp;quot;this.pimpage&amp;quot; is null">
      <![CDATA[java.lang.NullPointerException: Cannot invoke "main.PimPage.titlePimpage()" because "this.pimpage" is null
at test.PimTest.verifyPimPage(PimTest.java:16)
at java.base/java.util.ArrayList.forEach(ArrayList.java:1511)
... Removed 27 stack frames]]>
    </failure>
  </testcase> <!-- verifyPimPage -->
</testsuite> <!-- Test -->
