<?xml version="1.0" encoding="UTF-8"?>
<!-- Generated by org.testng.reporters.JUnitXMLReporter -->
<testsuite ignored="0" hostname="DESKTOP-PGP0HSS" failures="0" tests="3" name="Test" time="54.407" errors="0" timestamp="2022-08-27T00:46:44 IST">
  <testcase classname="test.LoginTest" name="verifylogin" time="7.156"/>
  <testcase classname="test.PimTest" name="verifyPimPage" time="4.221"/>
  <testcase classname="test.LeaveTest" name="verifyleavepage" time="6.738"/>
</testsuite> <!-- Test -->
