<?xml version="1.0" encoding="UTF-8"?>
<testng-results ignored="0" total="1" passed="1" failed="0" skipped="0">
  <reporter-output>
  </reporter-output>
  <suite started-at="2022-08-30T16:38:05 IST" name="Default suite" finished-at="2022-08-30T16:38:49 IST" duration-ms="43598">
    <groups>
    </groups>
    <test started-at="2022-08-30T16:38:05 IST" name="Default test" finished-at="2022-08-30T16:38:49 IST" duration-ms="43598">
      <class name="test.LoginTest">
        <test-method is-config="true" signature="launchbrowser()[pri:0, instance:test.LoginTest@24fcf36f]" started-at="2022-08-30T16:38:05 IST" name="launchbrowser" finished-at="2022-08-30T16:38:34 IST" duration-ms="29184" status="PASS">
          <reporter-output>
          </reporter-output>
        </test-method> <!-- launchbrowser -->
        <test-method is-config="true" signature="pageobj()[pri:0, instance:test.LoginTest@24fcf36f]" started-at="2022-08-30T16:38:34 IST" name="pageobj" finished-at="2022-08-30T16:38:35 IST" duration-ms="211" status="PASS">
          <reporter-output>
          </reporter-output>
        </test-method> <!-- pageobj -->
        <test-method signature="verifyloginpage()[pri:0, instance:test.LoginTest@24fcf36f]" started-at="2022-08-30T16:38:35 IST" name="verifyloginpage" finished-at="2022-08-30T16:38:47 IST" duration-ms="12246" status="PASS">
          <reporter-output>
          </reporter-output>
        </test-method> <!-- verifyloginpage -->
        <test-method is-config="true" signature="teardownEnvi()[pri:0, instance:test.LoginTest@24fcf36f]" started-at="2022-08-30T16:38:47 IST" name="teardownEnvi" finished-at="2022-08-30T16:38:49 IST" duration-ms="1575" status="PASS">
          <reporter-output>
          </reporter-output>
        </test-method> <!-- teardownEnvi -->
      </class> <!-- test.LoginTest -->
    </test> <!-- Default test -->
  </suite> <!-- Default suite -->
</testng-results>
